  [1m[35m (524.0ms)[0m  [1m[35mCREATE DATABASE "CalendarBackend_development" ENCODING = 'unicode'[0m
  ↳ bin/rails:9
  [1m[35m (440.7ms)[0m  [1m[35mCREATE DATABASE "CalendarBackend_test" ENCODING = 'unicode'[0m
  ↳ bin/rails:9
  [1m[35m (28.0ms)[0m  [1m[35mCREATE TABLE "schema_migrations" ("version" character varying NOT NULL PRIMARY KEY)[0m
  ↳ bin/rails:9
  [1m[35m (19.5ms)[0m  [1m[35mCREATE TABLE "ar_internal_metadata" ("key" character varying NOT NULL PRIMARY KEY, "value" character varying, "created_at" timestamp NOT NULL, "updated_at" timestamp NOT NULL)[0m
  ↳ bin/rails:9
  [1m[35m (0.8ms)[0m  [1m[34mSELECT pg_try_advisory_lock(1442035919147082315)[0m
  ↳ bin/rails:9
  [1m[35m (0.4ms)[0m  [1m[34mSELECT "schema_migrations"."version" FROM "schema_migrations" ORDER BY "schema_migrations"."version" ASC[0m
  ↳ bin/rails:9
Migrating to CreateEvents (20180624165200)
  [1m[35m (0.1ms)[0m  [1m[35mBEGIN[0m
  ↳ bin/rails:9
  [1m[35m (28.9ms)[0m  [1m[35mCREATE TABLE "events" ("id" bigserial primary key, "title" character varying, "body" text, "start" timestamp, "end" timestamp, "created_at" timestamp NOT NULL, "updated_at" timestamp NOT NULL)[0m
  ↳ db/migrate/20180624165200_create_events.rb:3
  [1m[36mActiveRecord::SchemaMigration Create (0.8ms)[0m  [1m[32mINSERT INTO "schema_migrations" ("version") VALUES ($1) RETURNING "version"[0m  [["version", "20180624165200"]]
  ↳ bin/rails:9
  [1m[35m (0.4ms)[0m  [1m[35mCOMMIT[0m
  ↳ bin/rails:9
  [1m[36mActiveRecord::InternalMetadata Load (0.4ms)[0m  [1m[34mSELECT  "ar_internal_metadata".* FROM "ar_internal_metadata" WHERE "ar_internal_metadata"."key" = $1 LIMIT $2[0m  [["key", "environment"], ["LIMIT", 1]]
  ↳ bin/rails:9
  [1m[35m (0.2ms)[0m  [1m[35mBEGIN[0m
  ↳ bin/rails:9
  [1m[36mActiveRecord::InternalMetadata Create (6.2ms)[0m  [1m[32mINSERT INTO "ar_internal_metadata" ("key", "value", "created_at", "updated_at") VALUES ($1, $2, $3, $4) RETURNING "key"[0m  [["key", "environment"], ["value", "development"], ["created_at", "2018-06-24 16:52:30.251803"], ["updated_at", "2018-06-24 16:52:30.251803"]]
  ↳ bin/rails:9
  [1m[35m (5.9ms)[0m  [1m[35mCOMMIT[0m
  ↳ bin/rails:9
  [1m[35m (0.2ms)[0m  [1m[34mSELECT pg_advisory_unlock(1442035919147082315)[0m
  ↳ bin/rails:9
  [1m[35m (0.3ms)[0m  [1m[34mSELECT "schema_migrations"."version" FROM "schema_migrations" ORDER BY "schema_migrations"."version" ASC[0m
  ↳ bin/rails:9
  [1m[35m (0.5ms)[0m  [1m[34mSELECT "schema_migrations"."version" FROM "schema_migrations" ORDER BY "schema_migrations"."version" ASC[0m
  ↳ bin/rails:9
  [1m[35m (0.2ms)[0m  [1m[34mSELECT "schema_migrations"."version" FROM "schema_migrations" ORDER BY "schema_migrations"."version" ASC[0m
  ↳ bin/rails:9
  [1m[35m (0.2ms)[0m  [1m[34mSELECT "schema_migrations"."version" FROM "schema_migrations" ORDER BY "schema_migrations"."version" ASC[0m
  ↳ bin/rails:9
  [1m[35m (0.2ms)[0m  [1m[34mSELECT pg_try_advisory_lock(1442035919147082315)[0m
  ↳ bin/rails:9
  [1m[35m (0.2ms)[0m  [1m[34mSELECT "schema_migrations"."version" FROM "schema_migrations" ORDER BY "schema_migrations"."version" ASC[0m
  ↳ bin/rails:9
Migrating to CreateEvents (20180624165200)
  [1m[35m (0.1ms)[0m  [1m[35mBEGIN[0m
  ↳ bin/rails:9
  [1m[35m (1.5ms)[0m  [1m[35mDROP TABLE "events"[0m
  ↳ bin/rails:9
  [1m[36mActiveRecord::SchemaMigration Destroy (0.4ms)[0m  [1m[31mDELETE FROM "schema_migrations" WHERE "schema_migrations"."version" = $1[0m  [["version", "20180624165200"]]
  ↳ bin/rails:9
  [1m[35m (7.5ms)[0m  [1m[35mCOMMIT[0m
  ↳ bin/rails:9
  [1m[35m (0.2ms)[0m  [1m[34mSELECT pg_advisory_unlock(1442035919147082315)[0m
  ↳ bin/rails:9
  [1m[35m (0.2ms)[0m  [1m[34mSELECT "schema_migrations"."version" FROM "schema_migrations" ORDER BY "schema_migrations"."version" ASC[0m
  ↳ bin/rails:9
  [1m[35m (0.2ms)[0m  [1m[34mSELECT pg_try_advisory_lock(1442035919147082315)[0m
  ↳ bin/rails:9
  [1m[35m (0.5ms)[0m  [1m[34mSELECT "schema_migrations"."version" FROM "schema_migrations" ORDER BY "schema_migrations"."version" ASC[0m
  ↳ bin/rails:9
Migrating to CreateEvents (20180624165200)
  [1m[35m (0.2ms)[0m  [1m[35mBEGIN[0m
  ↳ bin/rails:9
  [1m[35m (19.8ms)[0m  [1m[35mCREATE TABLE "events" ("id" bigserial primary key, "title" character varying, "body" text, "start" timestamp NOT NULL, "end" timestamp NOT NULL, "created_at" timestamp NOT NULL, "updated_at" timestamp NOT NULL)[0m
  ↳ db/migrate/20180624165200_create_events.rb:3
  [1m[36mActiveRecord::SchemaMigration Create (0.4ms)[0m  [1m[32mINSERT INTO "schema_migrations" ("version") VALUES ($1) RETURNING "version"[0m  [["version", "20180624165200"]]
  ↳ bin/rails:9
  [1m[35m (0.4ms)[0m  [1m[35mCOMMIT[0m
  ↳ bin/rails:9
  [1m[36mActiveRecord::InternalMetadata Load (0.3ms)[0m  [1m[34mSELECT  "ar_internal_metadata".* FROM "ar_internal_metadata" WHERE "ar_internal_metadata"."key" = $1 LIMIT $2[0m  [["key", "environment"], ["LIMIT", 1]]
  ↳ bin/rails:9
  [1m[35m (0.1ms)[0m  [1m[35mBEGIN[0m
  ↳ bin/rails:9
  [1m[35m (0.1ms)[0m  [1m[35mCOMMIT[0m
  ↳ bin/rails:9
  [1m[35m (0.1ms)[0m  [1m[34mSELECT pg_advisory_unlock(1442035919147082315)[0m
  ↳ bin/rails:9
  [1m[35m (0.2ms)[0m  [1m[34mSELECT "schema_migrations"."version" FROM "schema_migrations" ORDER BY "schema_migrations"."version" ASC[0m
  ↳ bin/rails:9
  [1m[35m (0.5ms)[0m  [1m[34mSELECT "schema_migrations"."version" FROM "schema_migrations" ORDER BY "schema_migrations"."version" ASC[0m
  ↳ bin/rails:9
  [1m[35m (0.2ms)[0m  [1m[34mSELECT "schema_migrations"."version" FROM "schema_migrations" ORDER BY "schema_migrations"."version" ASC[0m
  ↳ bin/rails:9
  [1m[35m (0.2ms)[0m  [1m[34mSELECT "schema_migrations"."version" FROM "schema_migrations" ORDER BY "schema_migrations"."version" ASC[0m
  ↳ bin/rails:9
  [1m[35m (0.1ms)[0m  [1m[34mSELECT pg_try_advisory_lock(1442035919147082315)[0m
  ↳ bin/rails:9
  [1m[35m (0.2ms)[0m  [1m[34mSELECT "schema_migrations"."version" FROM "schema_migrations" ORDER BY "schema_migrations"."version" ASC[0m
  ↳ bin/rails:9
Migrating to CreateEvents (20180624165200)
  [1m[35m (0.1ms)[0m  [1m[35mBEGIN[0m
  ↳ bin/rails:9
  [1m[35m (1.1ms)[0m  [1m[35mDROP TABLE "events"[0m
  ↳ bin/rails:9
  [1m[36mActiveRecord::SchemaMigration Destroy (0.3ms)[0m  [1m[31mDELETE FROM "schema_migrations" WHERE "schema_migrations"."version" = $1[0m  [["version", "20180624165200"]]
  ↳ bin/rails:9
  [1m[35m (2.1ms)[0m  [1m[35mCOMMIT[0m
  ↳ bin/rails:9
  [1m[35m (0.2ms)[0m  [1m[34mSELECT pg_advisory_unlock(1442035919147082315)[0m
  ↳ bin/rails:9
  [1m[35m (0.2ms)[0m  [1m[34mSELECT "schema_migrations"."version" FROM "schema_migrations" ORDER BY "schema_migrations"."version" ASC[0m
  ↳ bin/rails:9
  [1m[35m (0.2ms)[0m  [1m[34mSELECT pg_try_advisory_lock(1442035919147082315)[0m
  ↳ bin/rails:9
  [1m[35m (0.5ms)[0m  [1m[34mSELECT "schema_migrations"."version" FROM "schema_migrations" ORDER BY "schema_migrations"."version" ASC[0m
  ↳ bin/rails:9
Migrating to CreateEvents (20180624165200)
  [1m[35m (0.1ms)[0m  [1m[35mBEGIN[0m
  ↳ bin/rails:9
  [1m[35m (16.1ms)[0m  [1m[35mCREATE TABLE "events" ("id" bigserial primary key, "title" character varying NOT NULL, "body" text, "start" timestamp NOT NULL, "end" timestamp NOT NULL, "created_at" timestamp NOT NULL, "updated_at" timestamp NOT NULL)[0m
  ↳ db/migrate/20180624165200_create_events.rb:3
  [1m[36mActiveRecord::SchemaMigration Create (0.4ms)[0m  [1m[32mINSERT INTO "schema_migrations" ("version") VALUES ($1) RETURNING "version"[0m  [["version", "20180624165200"]]
  ↳ bin/rails:9
  [1m[35m (4.5ms)[0m  [1m[35mCOMMIT[0m
  ↳ bin/rails:9
  [1m[36mActiveRecord::InternalMetadata Load (0.2ms)[0m  [1m[34mSELECT  "ar_internal_metadata".* FROM "ar_internal_metadata" WHERE "ar_internal_metadata"."key" = $1 LIMIT $2[0m  [["key", "environment"], ["LIMIT", 1]]
  ↳ bin/rails:9
  [1m[35m (0.2ms)[0m  [1m[35mBEGIN[0m
  ↳ bin/rails:9
  [1m[35m (0.1ms)[0m  [1m[35mCOMMIT[0m
  ↳ bin/rails:9
  [1m[35m (0.2ms)[0m  [1m[34mSELECT pg_advisory_unlock(1442035919147082315)[0m
  ↳ bin/rails:9
  [1m[35m (0.2ms)[0m  [1m[34mSELECT "schema_migrations"."version" FROM "schema_migrations" ORDER BY "schema_migrations"."version" ASC[0m
  ↳ bin/rails:9
  [1m[35m (0.5ms)[0m  [1m[34mSELECT "schema_migrations"."version" FROM "schema_migrations" ORDER BY "schema_migrations"."version" ASC[0m
  ↳ bin/rails:9
  [1m[35m (0.2ms)[0m  [1m[34mSELECT "schema_migrations"."version" FROM "schema_migrations" ORDER BY "schema_migrations"."version" ASC[0m
  ↳ bin/rails:9
  [1m[35m (0.2ms)[0m  [1m[34mSELECT "schema_migrations"."version" FROM "schema_migrations" ORDER BY "schema_migrations"."version" ASC[0m
  ↳ bin/rails:9
  [1m[35m (0.1ms)[0m  [1m[34mSELECT pg_try_advisory_lock(1442035919147082315)[0m
  ↳ bin/rails:9
  [1m[35m (0.2ms)[0m  [1m[34mSELECT "schema_migrations"."version" FROM "schema_migrations" ORDER BY "schema_migrations"."version" ASC[0m
  ↳ bin/rails:9
Migrating to CreateEvents (20180624165200)
  [1m[35m (0.1ms)[0m  [1m[35mBEGIN[0m
  ↳ bin/rails:9
  [1m[35m (1.2ms)[0m  [1m[35mDROP TABLE "events"[0m
  ↳ bin/rails:9
  [1m[36mActiveRecord::SchemaMigration Destroy (0.4ms)[0m  [1m[31mDELETE FROM "schema_migrations" WHERE "schema_migrations"."version" = $1[0m  [["version", "20180624165200"]]
  ↳ bin/rails:9
  [1m[35m (8.0ms)[0m  [1m[35mCOMMIT[0m
  ↳ bin/rails:9
  [1m[35m (0.3ms)[0m  [1m[34mSELECT pg_advisory_unlock(1442035919147082315)[0m
  ↳ bin/rails:9
  [1m[35m (0.2ms)[0m  [1m[34mSELECT "schema_migrations"."version" FROM "schema_migrations" ORDER BY "schema_migrations"."version" ASC[0m
  ↳ bin/rails:9
  [1m[35m (0.2ms)[0m  [1m[34mSELECT pg_try_advisory_lock(1442035919147082315)[0m
  ↳ bin/rails:9
  [1m[35m (0.4ms)[0m  [1m[34mSELECT "schema_migrations"."version" FROM "schema_migrations" ORDER BY "schema_migrations"."version" ASC[0m
  ↳ bin/rails:9
Migrating to CreateEvents (20180624165200)
  [1m[35m (0.1ms)[0m  [1m[35mBEGIN[0m
  ↳ bin/rails:9
  [1m[35m (21.7ms)[0m  [1m[35mCREATE TABLE "events" ("id" bigserial primary key, "title" character varying NOT NULL, "body" text, "start" time NOT NULL, "end" time NOT NULL, "created_at" timestamp NOT NULL, "updated_at" timestamp NOT NULL)[0m
  ↳ db/migrate/20180624165200_create_events.rb:3
  [1m[36mActiveRecord::SchemaMigration Create (0.4ms)[0m  [1m[32mINSERT INTO "schema_migrations" ("version") VALUES ($1) RETURNING "version"[0m  [["version", "20180624165200"]]
  ↳ bin/rails:9
  [1m[35m (0.7ms)[0m  [1m[35mCOMMIT[0m
  ↳ bin/rails:9
  [1m[36mActiveRecord::InternalMetadata Load (0.5ms)[0m  [1m[34mSELECT  "ar_internal_metadata".* FROM "ar_internal_metadata" WHERE "ar_internal_metadata"."key" = $1 LIMIT $2[0m  [["key", "environment"], ["LIMIT", 1]]
  ↳ bin/rails:9
  [1m[35m (0.1ms)[0m  [1m[35mBEGIN[0m
  ↳ bin/rails:9
  [1m[35m (0.1ms)[0m  [1m[35mCOMMIT[0m
  ↳ bin/rails:9
  [1m[35m (0.2ms)[0m  [1m[34mSELECT pg_advisory_unlock(1442035919147082315)[0m
  ↳ bin/rails:9
  [1m[35m (0.2ms)[0m  [1m[34mSELECT "schema_migrations"."version" FROM "schema_migrations" ORDER BY "schema_migrations"."version" ASC[0m
  ↳ bin/rails:9
  [1m[35m (0.5ms)[0m  [1m[34mSELECT "schema_migrations"."version" FROM "schema_migrations" ORDER BY "schema_migrations"."version" ASC[0m
  ↳ bin/rails:9
  [1m[35m (0.2ms)[0m  [1m[35mBEGIN[0m
  ↳ db/seeds.rb:9
  [1m[36mEvent Create (17.1ms)[0m  [1m[32mINSERT INTO "events" ("title", "body", "start", "end", "created_at", "updated_at") VALUES ($1, $2, $3, $4, $5, $6) RETURNING "id"[0m  [["title", "Physical Therapy"], ["body", "PT"], ["start", "10:00:00"], ["end", "11:00:00"], ["created_at", "2018-06-24 17:15:45.701285"], ["updated_at", "2018-06-24 17:15:45.701285"]]
  ↳ db/seeds.rb:9
  [1m[35m (0.4ms)[0m  [1m[35mCOMMIT[0m
  ↳ db/seeds.rb:9
  [1m[35m (0.1ms)[0m  [1m[35mBEGIN[0m
  ↳ db/seeds.rb:9
  [1m[36mEvent Create (0.3ms)[0m  [1m[32mINSERT INTO "events" ("title", "body", "start", "end", "created_at", "updated_at") VALUES ($1, $2, $3, $4, $5, $6) RETURNING "id"[0m  [["title", "Vacay"], ["body", "Woodstock baby"], ["start", "05:00:00"], ["end", "11:00:00"], ["created_at", "2018-06-24 17:15:45.721046"], ["updated_at", "2018-06-24 17:15:45.721046"]]
  ↳ db/seeds.rb:9
  [1m[35m (0.4ms)[0m  [1m[35mCOMMIT[0m
  ↳ db/seeds.rb:9
  [1m[35m (0.1ms)[0m  [1m[35mBEGIN[0m
  ↳ db/seeds.rb:9
  [1m[36mEvent Create (0.2ms)[0m  [1m[32mINSERT INTO "events" ("title", "body", "start", "end", "created_at", "updated_at") VALUES ($1, $2, $3, $4, $5, $6) RETURNING "id"[0m  [["title", "Interview"], ["body", "Phone"], ["start", "07:00:00"], ["end", "07:30:00"], ["created_at", "2018-06-24 17:15:45.723225"], ["updated_at", "2018-06-24 17:15:45.723225"]]
  ↳ db/seeds.rb:9
  [1m[35m (0.3ms)[0m  [1m[35mCOMMIT[0m
  ↳ db/seeds.rb:9
  [1m[35m (0.1ms)[0m  [1m[35mBEGIN[0m
  ↳ db/seeds.rb:9
  [1m[36mEvent Create (0.3ms)[0m  [1m[32mINSERT INTO "events" ("title", "body", "start", "end", "created_at", "updated_at") VALUES ($1, $2, $3, $4, $5, $6) RETURNING "id"[0m  [["title", "Interview"], ["body", "Whiteboard"], ["start", "06:00:00"], ["end", "08:00:00"], ["created_at", "2018-06-24 17:15:45.725068"], ["updated_at", "2018-06-24 17:15:45.725068"]]
  ↳ db/seeds.rb:9
  [1m[35m (0.3ms)[0m  [1m[35mCOMMIT[0m
  ↳ db/seeds.rb:9
  [1m[35m (0.1ms)[0m  [1m[35mBEGIN[0m
  ↳ db/seeds.rb:9
  [1m[36mEvent Create (0.2ms)[0m  [1m[32mINSERT INTO "events" ("title", "body", "start", "end", "created_at", "updated_at") VALUES ($1, $2, $3, $4, $5, $6) RETURNING "id"[0m  [["title", "Plumber"], ["body", "Confirm with Brian"], ["start", "06:00:00"], ["end", "08:00:00"], ["created_at", "2018-06-24 17:15:45.727128"], ["updated_at", "2018-06-24 17:15:45.727128"]]
  ↳ db/seeds.rb:9
  [1m[35m (0.3ms)[0m  [1m[35mCOMMIT[0m
  ↳ db/seeds.rb:9
  [1m[35m (0.1ms)[0m  [1m[35mBEGIN[0m
  ↳ db/seeds.rb:9
  [1m[36mEvent Create (0.2ms)[0m  [1m[32mINSERT INTO "events" ("title", "body", "start", "end", "created_at", "updated_at") VALUES ($1, $2, $3, $4, $5, $6) RETURNING "id"[0m  [["title", "Spotify Challenge"], ["body", "Fingers crossed!"], ["start", "09:00:00"], ["end", "19:00:00"], ["created_at", "2018-06-24 17:15:45.728770"], ["updated_at", "2018-06-24 17:15:45.728770"]]
  ↳ db/seeds.rb:9
  [1m[35m (0.2ms)[0m  [1m[35mCOMMIT[0m
  ↳ db/seeds.rb:9
Started GET "/api/v1/events" for ::1 at 2018-06-24 13:22:46 -0400
  [1m[35m (0.8ms)[0m  [1m[34mSELECT "schema_migrations"."version" FROM "schema_migrations" ORDER BY "schema_migrations"."version" ASC[0m
  ↳ /Users/alexandracooper/.rvm/gems/ruby-2.5.1/gems/activerecord-5.2.0/lib/active_record/log_subscriber.rb:98
  
LoadError (Unable to autoload constant Api::V1::EventsController, expected /Users/alexandracooper/Desktop/Job Search/Spotify-Fellowship/CalendarBackend/app/controllers/api/v1/events_controller.rb to define it):
  
activesupport (5.2.0) lib/active_support/dependencies.rb:503:in `load_missing_constant'
bootsnap (1.3.0) lib/bootsnap/load_path_cache/core_ext/active_support.rb:43:in `load_missing_constant'
activesupport (5.2.0) lib/active_support/dependencies.rb:193:in `const_missing'
activesupport (5.2.0) lib/active_support/inflector/methods.rb:285:in `const_get'
activesupport (5.2.0) lib/active_support/inflector/methods.rb:285:in `block in constantize'
activesupport (5.2.0) lib/active_support/inflector/methods.rb:281:in `each'
activesupport (5.2.0) lib/active_support/inflector/methods.rb:281:in `inject'
activesupport (5.2.0) lib/active_support/inflector/methods.rb:281:in `constantize'
activesupport (5.2.0) lib/active_support/dependencies.rb:574:in `get'
activesupport (5.2.0) lib/active_support/dependencies.rb:605:in `constantize'
actionpack (5.2.0) lib/action_dispatch/http/request.rb:88:in `controller_class_for'
actionpack (5.2.0) lib/action_dispatch/http/parameters.rb:101:in `binary_params_for?'
actionpack (5.2.0) lib/action_dispatch/http/parameters.rb:92:in `set_binary_encoding'
actionpack (5.2.0) lib/action_dispatch/http/parameters.rb:69:in `path_parameters='
actionpack (5.2.0) lib/action_dispatch/journey/router.rb:50:in `block in serve'
actionpack (5.2.0) lib/action_dispatch/journey/router.rb:35:in `each'
actionpack (5.2.0) lib/action_dispatch/journey/router.rb:35:in `serve'
actionpack (5.2.0) lib/action_dispatch/routing/route_set.rb:840:in `call'
rack (2.0.5) lib/rack/etag.rb:25:in `call'
rack (2.0.5) lib/rack/conditional_get.rb:25:in `call'
rack (2.0.5) lib/rack/head.rb:12:in `call'
activerecord (5.2.0) lib/active_record/migration.rb:559:in `call'
actionpack (5.2.0) lib/action_dispatch/middleware/callbacks.rb:28:in `block in call'
activesupport (5.2.0) lib/active_support/callbacks.rb:98:in `run_callbacks'
actionpack (5.2.0) lib/action_dispatch/middleware/callbacks.rb:26:in `call'
actionpack (5.2.0) lib/action_dispatch/middleware/executor.rb:14:in `call'
actionpack (5.2.0) lib/action_dispatch/middleware/debug_exceptions.rb:61:in `call'
actionpack (5.2.0) lib/action_dispatch/middleware/show_exceptions.rb:33:in `call'
railties (5.2.0) lib/rails/rack/logger.rb:38:in `call_app'
railties (5.2.0) lib/rails/rack/logger.rb:26:in `block in call'
activesupport (5.2.0) lib/active_support/tagged_logging.rb:71:in `block in tagged'
activesupport (5.2.0) lib/active_support/tagged_logging.rb:28:in `tagged'
activesupport (5.2.0) lib/active_support/tagged_logging.rb:71:in `tagged'
railties (5.2.0) lib/rails/rack/logger.rb:26:in `call'
actionpack (5.2.0) lib/action_dispatch/middleware/remote_ip.rb:81:in `call'
actionpack (5.2.0) lib/action_dispatch/middleware/request_id.rb:27:in `call'
rack (2.0.5) lib/rack/runtime.rb:22:in `call'
activesupport (5.2.0) lib/active_support/cache/strategy/local_cache_middleware.rb:29:in `call'
actionpack (5.2.0) lib/action_dispatch/middleware/executor.rb:14:in `call'
actionpack (5.2.0) lib/action_dispatch/middleware/static.rb:127:in `call'
rack (2.0.5) lib/rack/sendfile.rb:111:in `call'
railties (5.2.0) lib/rails/engine.rb:524:in `call'
puma (3.11.4) lib/puma/configuration.rb:225:in `call'
puma (3.11.4) lib/puma/server.rb:632:in `handle_request'
puma (3.11.4) lib/puma/server.rb:446:in `process_client'
puma (3.11.4) lib/puma/server.rb:306:in `block in run'
puma (3.11.4) lib/puma/thread_pool.rb:120:in `block in spawn_thread'
Started GET "/" for ::1 at 2018-06-24 13:23:38 -0400
Processing by Rails::WelcomeController#index as HTML
  Rendering /Users/alexandracooper/.rvm/gems/ruby-2.5.1/gems/railties-5.2.0/lib/rails/templates/rails/welcome/index.html.erb
  Rendered /Users/alexandracooper/.rvm/gems/ruby-2.5.1/gems/railties-5.2.0/lib/rails/templates/rails/welcome/index.html.erb (2.8ms)
Completed 200 OK in 12ms (Views: 9.6ms | ActiveRecord: 0.0ms)


Started GET "/favicon.ico" for ::1 at 2018-06-24 13:23:38 -0400
  
ActionController::RoutingError (No route matches [GET] "/favicon.ico"):
  
actionpack (5.2.0) lib/action_dispatch/middleware/debug_exceptions.rb:65:in `call'
actionpack (5.2.0) lib/action_dispatch/middleware/show_exceptions.rb:33:in `call'
railties (5.2.0) lib/rails/rack/logger.rb:38:in `call_app'
railties (5.2.0) lib/rails/rack/logger.rb:26:in `block in call'
activesupport (5.2.0) lib/active_support/tagged_logging.rb:71:in `block in tagged'
activesupport (5.2.0) lib/active_support/tagged_logging.rb:28:in `tagged'
activesupport (5.2.0) lib/active_support/tagged_logging.rb:71:in `tagged'
railties (5.2.0) lib/rails/rack/logger.rb:26:in `call'
actionpack (5.2.0) lib/action_dispatch/middleware/remote_ip.rb:81:in `call'
actionpack (5.2.0) lib/action_dispatch/middleware/request_id.rb:27:in `call'
rack (2.0.5) lib/rack/runtime.rb:22:in `call'
activesupport (5.2.0) lib/active_support/cache/strategy/local_cache_middleware.rb:29:in `call'
actionpack (5.2.0) lib/action_dispatch/middleware/executor.rb:14:in `call'
actionpack (5.2.0) lib/action_dispatch/middleware/static.rb:127:in `call'
rack (2.0.5) lib/rack/sendfile.rb:111:in `call'
railties (5.2.0) lib/rails/engine.rb:524:in `call'
puma (3.11.4) lib/puma/configuration.rb:225:in `call'
puma (3.11.4) lib/puma/server.rb:632:in `handle_request'
puma (3.11.4) lib/puma/server.rb:446:in `process_client'
puma (3.11.4) lib/puma/server.rb:306:in `block in run'
puma (3.11.4) lib/puma/thread_pool.rb:120:in `block in spawn_thread'
Started GET "/api/v1/events" for ::1 at 2018-06-24 13:24:11 -0400
  
LoadError (Unable to autoload constant Api::V1::EventsController, expected /Users/alexandracooper/Desktop/Job Search/Spotify-Fellowship/CalendarBackend/app/controllers/api/v1/events_controller.rb to define it):
  
activesupport (5.2.0) lib/active_support/dependencies.rb:503:in `load_missing_constant'
bootsnap (1.3.0) lib/bootsnap/load_path_cache/core_ext/active_support.rb:43:in `load_missing_constant'
activesupport (5.2.0) lib/active_support/dependencies.rb:193:in `const_missing'
activesupport (5.2.0) lib/active_support/inflector/methods.rb:285:in `const_get'
activesupport (5.2.0) lib/active_support/inflector/methods.rb:285:in `block in constantize'
activesupport (5.2.0) lib/active_support/inflector/methods.rb:281:in `each'
activesupport (5.2.0) lib/active_support/inflector/methods.rb:281:in `inject'
activesupport (5.2.0) lib/active_support/inflector/methods.rb:281:in `constantize'
activesupport (5.2.0) lib/active_support/dependencies.rb:574:in `get'
activesupport (5.2.0) lib/active_support/dependencies.rb:605:in `constantize'
actionpack (5.2.0) lib/action_dispatch/http/request.rb:88:in `controller_class_for'
actionpack (5.2.0) lib/action_dispatch/http/parameters.rb:101:in `binary_params_for?'
actionpack (5.2.0) lib/action_dispatch/http/parameters.rb:92:in `set_binary_encoding'
actionpack (5.2.0) lib/action_dispatch/http/parameters.rb:69:in `path_parameters='
actionpack (5.2.0) lib/action_dispatch/journey/router.rb:50:in `block in serve'
actionpack (5.2.0) lib/action_dispatch/journey/router.rb:35:in `each'
actionpack (5.2.0) lib/action_dispatch/journey/router.rb:35:in `serve'
actionpack (5.2.0) lib/action_dispatch/routing/route_set.rb:840:in `call'
rack (2.0.5) lib/rack/etag.rb:25:in `call'
rack (2.0.5) lib/rack/conditional_get.rb:25:in `call'
rack (2.0.5) lib/rack/head.rb:12:in `call'
activerecord (5.2.0) lib/active_record/migration.rb:559:in `call'
actionpack (5.2.0) lib/action_dispatch/middleware/callbacks.rb:28:in `block in call'
activesupport (5.2.0) lib/active_support/callbacks.rb:98:in `run_callbacks'
actionpack (5.2.0) lib/action_dispatch/middleware/callbacks.rb:26:in `call'
actionpack (5.2.0) lib/action_dispatch/middleware/executor.rb:14:in `call'
actionpack (5.2.0) lib/action_dispatch/middleware/debug_exceptions.rb:61:in `call'
actionpack (5.2.0) lib/action_dispatch/middleware/show_exceptions.rb:33:in `call'
railties (5.2.0) lib/rails/rack/logger.rb:38:in `call_app'
railties (5.2.0) lib/rails/rack/logger.rb:26:in `block in call'
activesupport (5.2.0) lib/active_support/tagged_logging.rb:71:in `block in tagged'
activesupport (5.2.0) lib/active_support/tagged_logging.rb:28:in `tagged'
activesupport (5.2.0) lib/active_support/tagged_logging.rb:71:in `tagged'
railties (5.2.0) lib/rails/rack/logger.rb:26:in `call'
actionpack (5.2.0) lib/action_dispatch/middleware/remote_ip.rb:81:in `call'
actionpack (5.2.0) lib/action_dispatch/middleware/request_id.rb:27:in `call'
rack (2.0.5) lib/rack/runtime.rb:22:in `call'
activesupport (5.2.0) lib/active_support/cache/strategy/local_cache_middleware.rb:29:in `call'
actionpack (5.2.0) lib/action_dispatch/middleware/executor.rb:14:in `call'
actionpack (5.2.0) lib/action_dispatch/middleware/static.rb:127:in `call'
rack (2.0.5) lib/rack/sendfile.rb:111:in `call'
railties (5.2.0) lib/rails/engine.rb:524:in `call'
puma (3.11.4) lib/puma/configuration.rb:225:in `call'
puma (3.11.4) lib/puma/server.rb:632:in `handle_request'
puma (3.11.4) lib/puma/server.rb:446:in `process_client'
puma (3.11.4) lib/puma/server.rb:306:in `block in run'
puma (3.11.4) lib/puma/thread_pool.rb:120:in `block in spawn_thread'
Started GET "/api/v1/events" for ::1 at 2018-06-24 13:26:19 -0400
  
LoadError (Unable to autoload constant Api::V1::EventsController, expected /Users/alexandracooper/Desktop/Job Search/Spotify-Fellowship/CalendarBackend/app/controllers/api/v1/events_controller.rb to define it):
  
activesupport (5.2.0) lib/active_support/dependencies.rb:503:in `load_missing_constant'
bootsnap (1.3.0) lib/bootsnap/load_path_cache/core_ext/active_support.rb:43:in `load_missing_constant'
activesupport (5.2.0) lib/active_support/dependencies.rb:193:in `const_missing'
activesupport (5.2.0) lib/active_support/inflector/methods.rb:285:in `const_get'
activesupport (5.2.0) lib/active_support/inflector/methods.rb:285:in `block in constantize'
activesupport (5.2.0) lib/active_support/inflector/methods.rb:281:in `each'
activesupport (5.2.0) lib/active_support/inflector/methods.rb:281:in `inject'
activesupport (5.2.0) lib/active_support/inflector/methods.rb:281:in `constantize'
activesupport (5.2.0) lib/active_support/dependencies.rb:574:in `get'
activesupport (5.2.0) lib/active_support/dependencies.rb:605:in `constantize'
actionpack (5.2.0) lib/action_dispatch/http/request.rb:88:in `controller_class_for'
actionpack (5.2.0) lib/action_dispatch/http/parameters.rb:101:in `binary_params_for?'
actionpack (5.2.0) lib/action_dispatch/http/parameters.rb:92:in `set_binary_encoding'
actionpack (5.2.0) lib/action_dispatch/http/parameters.rb:69:in `path_parameters='
actionpack (5.2.0) lib/action_dispatch/journey/router.rb:50:in `block in serve'
actionpack (5.2.0) lib/action_dispatch/journey/router.rb:35:in `each'
actionpack (5.2.0) lib/action_dispatch/journey/router.rb:35:in `serve'
actionpack (5.2.0) lib/action_dispatch/routing/route_set.rb:840:in `call'
rack (2.0.5) lib/rack/etag.rb:25:in `call'
rack (2.0.5) lib/rack/conditional_get.rb:25:in `call'
rack (2.0.5) lib/rack/head.rb:12:in `call'
activerecord (5.2.0) lib/active_record/migration.rb:559:in `call'
actionpack (5.2.0) lib/action_dispatch/middleware/callbacks.rb:28:in `block in call'
activesupport (5.2.0) lib/active_support/callbacks.rb:98:in `run_callbacks'
actionpack (5.2.0) lib/action_dispatch/middleware/callbacks.rb:26:in `call'
actionpack (5.2.0) lib/action_dispatch/middleware/executor.rb:14:in `call'
actionpack (5.2.0) lib/action_dispatch/middleware/debug_exceptions.rb:61:in `call'
actionpack (5.2.0) lib/action_dispatch/middleware/show_exceptions.rb:33:in `call'
railties (5.2.0) lib/rails/rack/logger.rb:38:in `call_app'
railties (5.2.0) lib/rails/rack/logger.rb:26:in `block in call'
activesupport (5.2.0) lib/active_support/tagged_logging.rb:71:in `block in tagged'
activesupport (5.2.0) lib/active_support/tagged_logging.rb:28:in `tagged'
activesupport (5.2.0) lib/active_support/tagged_logging.rb:71:in `tagged'
railties (5.2.0) lib/rails/rack/logger.rb:26:in `call'
actionpack (5.2.0) lib/action_dispatch/middleware/remote_ip.rb:81:in `call'
actionpack (5.2.0) lib/action_dispatch/middleware/request_id.rb:27:in `call'
rack (2.0.5) lib/rack/runtime.rb:22:in `call'
activesupport (5.2.0) lib/active_support/cache/strategy/local_cache_middleware.rb:29:in `call'
actionpack (5.2.0) lib/action_dispatch/middleware/executor.rb:14:in `call'
actionpack (5.2.0) lib/action_dispatch/middleware/static.rb:127:in `call'
rack (2.0.5) lib/rack/sendfile.rb:111:in `call'
railties (5.2.0) lib/rails/engine.rb:524:in `call'
puma (3.11.4) lib/puma/configuration.rb:225:in `call'
puma (3.11.4) lib/puma/server.rb:632:in `handle_request'
puma (3.11.4) lib/puma/server.rb:446:in `process_client'
puma (3.11.4) lib/puma/server.rb:306:in `block in run'
puma (3.11.4) lib/puma/thread_pool.rb:120:in `block in spawn_thread'
Started GET "/api/v1/events" for ::1 at 2018-06-24 13:26:22 -0400
  
LoadError (Unable to autoload constant Api::V1::EventsController, expected /Users/alexandracooper/Desktop/Job Search/Spotify-Fellowship/CalendarBackend/app/controllers/api/v1/events_controller.rb to define it):
  
activesupport (5.2.0) lib/active_support/dependencies.rb:503:in `load_missing_constant'
bootsnap (1.3.0) lib/bootsnap/load_path_cache/core_ext/active_support.rb:43:in `load_missing_constant'
activesupport (5.2.0) lib/active_support/dependencies.rb:193:in `const_missing'
activesupport (5.2.0) lib/active_support/inflector/methods.rb:285:in `const_get'
activesupport (5.2.0) lib/active_support/inflector/methods.rb:285:in `block in constantize'
activesupport (5.2.0) lib/active_support/inflector/methods.rb:281:in `each'
activesupport (5.2.0) lib/active_support/inflector/methods.rb:281:in `inject'
activesupport (5.2.0) lib/active_support/inflector/methods.rb:281:in `constantize'
activesupport (5.2.0) lib/active_support/dependencies.rb:574:in `get'
activesupport (5.2.0) lib/active_support/dependencies.rb:605:in `constantize'
actionpack (5.2.0) lib/action_dispatch/http/request.rb:88:in `controller_class_for'
actionpack (5.2.0) lib/action_dispatch/http/parameters.rb:101:in `binary_params_for?'
actionpack (5.2.0) lib/action_dispatch/http/parameters.rb:92:in `set_binary_encoding'
actionpack (5.2.0) lib/action_dispatch/http/parameters.rb:69:in `path_parameters='
actionpack (5.2.0) lib/action_dispatch/journey/router.rb:50:in `block in serve'
actionpack (5.2.0) lib/action_dispatch/journey/router.rb:35:in `each'
actionpack (5.2.0) lib/action_dispatch/journey/router.rb:35:in `serve'
actionpack (5.2.0) lib/action_dispatch/routing/route_set.rb:840:in `call'
rack (2.0.5) lib/rack/etag.rb:25:in `call'
rack (2.0.5) lib/rack/conditional_get.rb:25:in `call'
rack (2.0.5) lib/rack/head.rb:12:in `call'
activerecord (5.2.0) lib/active_record/migration.rb:559:in `call'
actionpack (5.2.0) lib/action_dispatch/middleware/callbacks.rb:28:in `block in call'
activesupport (5.2.0) lib/active_support/callbacks.rb:98:in `run_callbacks'
actionpack (5.2.0) lib/action_dispatch/middleware/callbacks.rb:26:in `call'
actionpack (5.2.0) lib/action_dispatch/middleware/executor.rb:14:in `call'
actionpack (5.2.0) lib/action_dispatch/middleware/debug_exceptions.rb:61:in `call'
actionpack (5.2.0) lib/action_dispatch/middleware/show_exceptions.rb:33:in `call'
railties (5.2.0) lib/rails/rack/logger.rb:38:in `call_app'
railties (5.2.0) lib/rails/rack/logger.rb:26:in `block in call'
activesupport (5.2.0) lib/active_support/tagged_logging.rb:71:in `block in tagged'
activesupport (5.2.0) lib/active_support/tagged_logging.rb:28:in `tagged'
activesupport (5.2.0) lib/active_support/tagged_logging.rb:71:in `tagged'
railties (5.2.0) lib/rails/rack/logger.rb:26:in `call'
actionpack (5.2.0) lib/action_dispatch/middleware/remote_ip.rb:81:in `call'
actionpack (5.2.0) lib/action_dispatch/middleware/request_id.rb:27:in `call'
rack (2.0.5) lib/rack/runtime.rb:22:in `call'
activesupport (5.2.0) lib/active_support/cache/strategy/local_cache_middleware.rb:29:in `call'
actionpack (5.2.0) lib/action_dispatch/middleware/executor.rb:14:in `call'
actionpack (5.2.0) lib/action_dispatch/middleware/static.rb:127:in `call'
rack (2.0.5) lib/rack/sendfile.rb:111:in `call'
railties (5.2.0) lib/rails/engine.rb:524:in `call'
puma (3.11.4) lib/puma/configuration.rb:225:in `call'
puma (3.11.4) lib/puma/server.rb:632:in `handle_request'
puma (3.11.4) lib/puma/server.rb:446:in `process_client'
puma (3.11.4) lib/puma/server.rb:306:in `block in run'
puma (3.11.4) lib/puma/thread_pool.rb:120:in `block in spawn_thread'
Started GET "/api/v1/events" for ::1 at 2018-06-24 13:26:34 -0400
Processing by Api::V1::EventsController#index as HTML
  [1m[36mEvent Load (6.6ms)[0m  [1m[34mSELECT "events".* FROM "events"[0m
  ↳ app/controllers/api/v1/events_controller.rb:5
Completed 200 OK in 25ms (Views: 8.3ms | ActiveRecord: 12.5ms)


Started GET "/api/v1/events" for ::1 at 2018-06-24 13:27:19 -0400
Processing by Api::V1::EventsController#index as */*
  [1m[36mEvent Load (0.3ms)[0m  [1m[34mSELECT "events".* FROM "events"[0m
  ↳ app/controllers/api/v1/events_controller.rb:5
Completed 200 OK in 2ms (Views: 1.6ms | ActiveRecord: 0.3ms)


Started GET "/api/v1/events.json" for ::1 at 2018-06-27 13:11:37 -0400
  [1m[35m (2.5ms)[0m  [1m[34mSELECT "schema_migrations"."version" FROM "schema_migrations" ORDER BY "schema_migrations"."version" ASC[0m
  ↳ /Users/alexandracooper/.rvm/gems/ruby-2.5.1/gems/activerecord-5.2.0/lib/active_record/log_subscriber.rb:98
Processing by Api::V1::EventsController#index as JSON
  [1m[36mEvent Load (27.0ms)[0m  [1m[34mSELECT "events".* FROM "events"[0m
  ↳ app/controllers/api/v1/events_controller.rb:5
Completed 200 OK in 51ms (Views: 13.1ms | ActiveRecord: 33.7ms)


Started GET "/api/v1/events" for ::1 at 2018-06-27 13:12:11 -0400
Processing by Api::V1::EventsController#index as HTML
  [1m[36mEvent Load (0.5ms)[0m  [1m[34mSELECT "events".* FROM "events"[0m
  ↳ app/controllers/api/v1/events_controller.rb:5
Completed 200 OK in 2ms (Views: 1.8ms | ActiveRecord: 0.5ms)


Started GET "/favicon.ico" for ::1 at 2018-06-27 13:12:11 -0400
  
ActionController::RoutingError (No route matches [GET] "/favicon.ico"):
  
actionpack (5.2.0) lib/action_dispatch/middleware/debug_exceptions.rb:65:in `call'
actionpack (5.2.0) lib/action_dispatch/middleware/show_exceptions.rb:33:in `call'
railties (5.2.0) lib/rails/rack/logger.rb:38:in `call_app'
railties (5.2.0) lib/rails/rack/logger.rb:26:in `block in call'
activesupport (5.2.0) lib/active_support/tagged_logging.rb:71:in `block in tagged'
activesupport (5.2.0) lib/active_support/tagged_logging.rb:28:in `tagged'
activesupport (5.2.0) lib/active_support/tagged_logging.rb:71:in `tagged'
railties (5.2.0) lib/rails/rack/logger.rb:26:in `call'
actionpack (5.2.0) lib/action_dispatch/middleware/remote_ip.rb:81:in `call'
actionpack (5.2.0) lib/action_dispatch/middleware/request_id.rb:27:in `call'
rack (2.0.5) lib/rack/runtime.rb:22:in `call'
activesupport (5.2.0) lib/active_support/cache/strategy/local_cache_middleware.rb:29:in `call'
actionpack (5.2.0) lib/action_dispatch/middleware/executor.rb:14:in `call'
actionpack (5.2.0) lib/action_dispatch/middleware/static.rb:127:in `call'
rack (2.0.5) lib/rack/sendfile.rb:111:in `call'
rack-cors (1.0.2) lib/rack/cors.rb:97:in `call'
railties (5.2.0) lib/rails/engine.rb:524:in `call'
puma (3.11.4) lib/puma/configuration.rb:225:in `call'
puma (3.11.4) lib/puma/server.rb:632:in `handle_request'
puma (3.11.4) lib/puma/server.rb:446:in `process_client'
puma (3.11.4) lib/puma/server.rb:306:in `block in run'
puma (3.11.4) lib/puma/thread_pool.rb:120:in `block in spawn_thread'
  [1m[36mEvent Load (0.7ms)[0m  [1m[34mSELECT  "events".* FROM "events" LIMIT $1[0m  [["LIMIT", 11]]
  [1m[36mEvent Load (1.5ms)[0m  [1m[34mSELECT  "events".* FROM "events" ORDER BY "events"."id" ASC LIMIT $1[0m  [["LIMIT", 1]]
  [1m[35m (1.3ms)[0m  [1m[35mBEGIN[0m
  [1m[35m (0.2ms)[0m  [1m[35mCOMMIT[0m
  [1m[35m (0.3ms)[0m  [1m[35mBEGIN[0m
  [1m[35m (0.2ms)[0m  [1m[35mCOMMIT[0m
  [1m[35m (0.3ms)[0m  [1m[35mBEGIN[0m
  [1m[35m (0.2ms)[0m  [1m[35mCOMMIT[0m
  [1m[35m (0.3ms)[0m  [1m[35mBEGIN[0m
  [1m[35m (0.2ms)[0m  [1m[35mCOMMIT[0m
  [1m[35m (0.5ms)[0m  [1m[34mSELECT "schema_migrations"."version" FROM "schema_migrations" ORDER BY "schema_migrations"."version" ASC[0m
  ↳ bin/rails:9
  [1m[35m (0.2ms)[0m  [1m[34mSELECT "schema_migrations"."version" FROM "schema_migrations" ORDER BY "schema_migrations"."version" ASC[0m
  ↳ bin/rails:9
  [1m[35m (0.2ms)[0m  [1m[34mSELECT "schema_migrations"."version" FROM "schema_migrations" ORDER BY "schema_migrations"."version" ASC[0m
  ↳ bin/rails:9
  [1m[35m (0.3ms)[0m  [1m[34mSELECT pg_try_advisory_lock(1442035919147082315)[0m
  ↳ bin/rails:9
  [1m[35m (0.2ms)[0m  [1m[34mSELECT "schema_migrations"."version" FROM "schema_migrations" ORDER BY "schema_migrations"."version" ASC[0m
  ↳ bin/rails:9
Migrating to CreateEvents (20180624165200)
  [1m[35m (0.1ms)[0m  [1m[35mBEGIN[0m
  ↳ bin/rails:9
  [1m[35m (35.9ms)[0m  [1m[35mDROP TABLE "events"[0m
  ↳ bin/rails:9
  [1m[36mActiveRecord::SchemaMigration Destroy (27.1ms)[0m  [1m[31mDELETE FROM "schema_migrations" WHERE "schema_migrations"."version" = $1[0m  [["version", "20180624165200"]]
  ↳ bin/rails:9
  [1m[35m (4.5ms)[0m  [1m[35mCOMMIT[0m
  ↳ bin/rails:9
  [1m[35m (0.3ms)[0m  [1m[34mSELECT pg_advisory_unlock(1442035919147082315)[0m
  ↳ bin/rails:9
  [1m[35m (0.2ms)[0m  [1m[34mSELECT "schema_migrations"."version" FROM "schema_migrations" ORDER BY "schema_migrations"."version" ASC[0m
  ↳ bin/rails:9
  [1m[35m (0.2ms)[0m  [1m[34mSELECT pg_try_advisory_lock(1442035919147082315)[0m
  ↳ bin/rails:9
  [1m[35m (0.4ms)[0m  [1m[34mSELECT "schema_migrations"."version" FROM "schema_migrations" ORDER BY "schema_migrations"."version" ASC[0m
  ↳ bin/rails:9
Migrating to CreateEvents (20180624165200)
  [1m[35m (0.2ms)[0m  [1m[35mBEGIN[0m
  ↳ bin/rails:9
  [1m[35m (40.6ms)[0m  [1m[35mCREATE TABLE "events" ("id" bigserial primary key, "title" character varying NOT NULL, "body" text, "start" time NOT NULL, "end" time NOT NULL, "created_at" timestamp NOT NULL, "updated_at" timestamp NOT NULL)[0m
  ↳ db/migrate/20180624165200_create_events.rb:3
  [1m[36mActiveRecord::SchemaMigration Create (0.7ms)[0m  [1m[32mINSERT INTO "schema_migrations" ("version") VALUES ($1) RETURNING "version"[0m  [["version", "20180624165200"]]
  ↳ bin/rails:9
  [1m[35m (0.5ms)[0m  [1m[35mCOMMIT[0m
  ↳ bin/rails:9
  [1m[36mActiveRecord::InternalMetadata Load (28.4ms)[0m  [1m[34mSELECT  "ar_internal_metadata".* FROM "ar_internal_metadata" WHERE "ar_internal_metadata"."key" = $1 LIMIT $2[0m  [["key", "environment"], ["LIMIT", 1]]
  ↳ bin/rails:9
  [1m[35m (0.2ms)[0m  [1m[35mBEGIN[0m
  ↳ bin/rails:9
  [1m[35m (0.1ms)[0m  [1m[35mCOMMIT[0m
  ↳ bin/rails:9
  [1m[35m (0.2ms)[0m  [1m[34mSELECT pg_advisory_unlock(1442035919147082315)[0m
  ↳ bin/rails:9
  [1m[35m (0.2ms)[0m  [1m[34mSELECT "schema_migrations"."version" FROM "schema_migrations" ORDER BY "schema_migrations"."version" ASC[0m
  ↳ bin/rails:9
  [1m[35m (0.9ms)[0m  [1m[34mSELECT "schema_migrations"."version" FROM "schema_migrations" ORDER BY "schema_migrations"."version" ASC[0m
  ↳ bin/rails:9
  [1m[35m (0.2ms)[0m  [1m[35mBEGIN[0m
  ↳ db/seeds.rb:9
  [1m[36mEvent Create (12.1ms)[0m  [1m[32mINSERT INTO "events" ("title", "body", "start", "end", "created_at", "updated_at") VALUES ($1, $2, $3, $4, $5, $6) RETURNING "id"[0m  [["title", "Physical Therapy"], ["body", "PT"], ["start", "10:00:00"], ["end", "11:00:00"], ["created_at", "2018-06-27 17:22:34.563595"], ["updated_at", "2018-06-27 17:22:34.563595"]]
  ↳ db/seeds.rb:9
  [1m[35m (0.6ms)[0m  [1m[35mCOMMIT[0m
  ↳ db/seeds.rb:9
  [1m[35m (0.2ms)[0m  [1m[35mBEGIN[0m
  ↳ db/seeds.rb:9
  [1m[36mEvent Create (0.4ms)[0m  [1m[32mINSERT INTO "events" ("title", "body", "start", "end", "created_at", "updated_at") VALUES ($1, $2, $3, $4, $5, $6) RETURNING "id"[0m  [["title", "Vacay"], ["body", "Woodstock baby"], ["start", "05:00:00"], ["end", "11:00:00"], ["created_at", "2018-06-27 17:22:34.579131"], ["updated_at", "2018-06-27 17:22:34.579131"]]
  ↳ db/seeds.rb:9
  [1m[35m (0.4ms)[0m  [1m[35mCOMMIT[0m
  ↳ db/seeds.rb:9
  [1m[35m (0.1ms)[0m  [1m[35mBEGIN[0m
  ↳ db/seeds.rb:9
  [1m[36mEvent Create (0.2ms)[0m  [1m[32mINSERT INTO "events" ("title", "body", "start", "end", "created_at", "updated_at") VALUES ($1, $2, $3, $4, $5, $6) RETURNING "id"[0m  [["title", "Interview"], ["body", "Phone"], ["start", "07:00:00"], ["end", "07:30:00"], ["created_at", "2018-06-27 17:22:34.582055"], ["updated_at", "2018-06-27 17:22:34.582055"]]
  ↳ db/seeds.rb:9
  [1m[35m (0.3ms)[0m  [1m[35mCOMMIT[0m
  ↳ db/seeds.rb:9
  [1m[35m (0.1ms)[0m  [1m[35mBEGIN[0m
  ↳ db/seeds.rb:9
  [1m[36mEvent Create (0.3ms)[0m  [1m[32mINSERT INTO "events" ("title", "body", "start", "end", "created_at", "updated_at") VALUES ($1, $2, $3, $4, $5, $6) RETURNING "id"[0m  [["title", "Interview"], ["body", "Whiteboard"], ["start", "06:00:00"], ["end", "08:00:00"], ["created_at", "2018-06-27 17:22:34.584234"], ["updated_at", "2018-06-27 17:22:34.584234"]]
  ↳ db/seeds.rb:9
  [1m[35m (0.3ms)[0m  [1m[35mCOMMIT[0m
  ↳ db/seeds.rb:9
  [1m[35m (0.1ms)[0m  [1m[35mBEGIN[0m
  ↳ db/seeds.rb:9
  [1m[36mEvent Create (0.2ms)[0m  [1m[32mINSERT INTO "events" ("title", "body", "start", "end", "created_at", "updated_at") VALUES ($1, $2, $3, $4, $5, $6) RETURNING "id"[0m  [["title", "Plumber"], ["body", "Confirm with Brian"], ["start", "06:00:00"], ["end", "08:00:00"], ["created_at", "2018-06-27 17:22:34.586208"], ["updated_at", "2018-06-27 17:22:34.586208"]]
  ↳ db/seeds.rb:9
  [1m[35m (0.3ms)[0m  [1m[35mCOMMIT[0m
  ↳ db/seeds.rb:9
  [1m[35m (0.1ms)[0m  [1m[35mBEGIN[0m
  ↳ db/seeds.rb:9
  [1m[36mEvent Create (0.2ms)[0m  [1m[32mINSERT INTO "events" ("title", "body", "start", "end", "created_at", "updated_at") VALUES ($1, $2, $3, $4, $5, $6) RETURNING "id"[0m  [["title", "Spotify Challenge"], ["body", "Fingers crossed!"], ["start", "09:00:00"], ["end", "19:00:00"], ["created_at", "2018-06-27 17:22:34.588046"], ["updated_at", "2018-06-27 17:22:34.588046"]]
  ↳ db/seeds.rb:9
  [1m[35m (0.3ms)[0m  [1m[35mCOMMIT[0m
  ↳ db/seeds.rb:9
  [1m[36mEvent Load (0.3ms)[0m  [1m[34mSELECT  "events".* FROM "events" ORDER BY "events"."id" DESC LIMIT $1[0m  [["LIMIT", 1]]
  [1m[36mEvent Load (0.2ms)[0m  [1m[34mSELECT  "events".* FROM "events" LIMIT $1[0m  [["LIMIT", 11]]
  [1m[35m (3.0ms)[0m  [1m[34mSELECT COUNT(*) FROM "events"[0m
  [1m[35m (0.5ms)[0m  [1m[34mSELECT "schema_migrations"."version" FROM "schema_migrations" ORDER BY "schema_migrations"."version" ASC[0m
  ↳ bin/rails:9
  [1m[35m (0.2ms)[0m  [1m[34mSELECT "schema_migrations"."version" FROM "schema_migrations" ORDER BY "schema_migrations"."version" ASC[0m
  ↳ bin/rails:9
  [1m[35m (0.2ms)[0m  [1m[34mSELECT "schema_migrations"."version" FROM "schema_migrations" ORDER BY "schema_migrations"."version" ASC[0m
  ↳ bin/rails:9
  [1m[35m (0.1ms)[0m  [1m[34mSELECT pg_try_advisory_lock(1442035919147082315)[0m
  ↳ bin/rails:9
  [1m[35m (0.2ms)[0m  [1m[34mSELECT "schema_migrations"."version" FROM "schema_migrations" ORDER BY "schema_migrations"."version" ASC[0m
  ↳ bin/rails:9
Migrating to CreateEvents (20180624165200)
  [1m[35m (0.1ms)[0m  [1m[35mBEGIN[0m
  ↳ bin/rails:9
  [1m[35m (1.1ms)[0m  [1m[35mDROP TABLE "events"[0m
  ↳ bin/rails:9
  [1m[36mActiveRecord::SchemaMigration Destroy (0.4ms)[0m  [1m[31mDELETE FROM "schema_migrations" WHERE "schema_migrations"."version" = $1[0m  [["version", "20180624165200"]]
  ↳ bin/rails:9
  [1m[35m (18.8ms)[0m  [1m[35mCOMMIT[0m
  ↳ bin/rails:9
  [1m[35m (0.2ms)[0m  [1m[34mSELECT pg_advisory_unlock(1442035919147082315)[0m
  ↳ bin/rails:9
  [1m[35m (0.3ms)[0m  [1m[34mSELECT "schema_migrations"."version" FROM "schema_migrations" ORDER BY "schema_migrations"."version" ASC[0m
  ↳ bin/rails:9
  [1m[35m (0.2ms)[0m  [1m[34mSELECT pg_try_advisory_lock(1442035919147082315)[0m
  ↳ bin/rails:9
  [1m[35m (0.5ms)[0m  [1m[34mSELECT "schema_migrations"."version" FROM "schema_migrations" ORDER BY "schema_migrations"."version" ASC[0m
  ↳ bin/rails:9
Migrating to CreateEvents (20180624165200)
  [1m[35m (0.1ms)[0m  [1m[35mBEGIN[0m
  ↳ bin/rails:9
  [1m[35m (15.9ms)[0m  [1m[35mCREATE TABLE "events" ("id" bigserial primary key, "title" character varying NOT NULL, "body" text, "start" timestamp NOT NULL, "end" timestamp NOT NULL, "created_at" timestamp NOT NULL, "updated_at" timestamp NOT NULL)[0m
  ↳ db/migrate/20180624165200_create_events.rb:3
  [1m[36mActiveRecord::SchemaMigration Create (0.5ms)[0m  [1m[32mINSERT INTO "schema_migrations" ("version") VALUES ($1) RETURNING "version"[0m  [["version", "20180624165200"]]
  ↳ bin/rails:9
  [1m[35m (5.0ms)[0m  [1m[35mCOMMIT[0m
  ↳ bin/rails:9
  [1m[36mActiveRecord::InternalMetadata Load (0.3ms)[0m  [1m[34mSELECT  "ar_internal_metadata".* FROM "ar_internal_metadata" WHERE "ar_internal_metadata"."key" = $1 LIMIT $2[0m  [["key", "environment"], ["LIMIT", 1]]
  ↳ bin/rails:9
  [1m[35m (0.1ms)[0m  [1m[35mBEGIN[0m
  ↳ bin/rails:9
  [1m[35m (0.1ms)[0m  [1m[35mCOMMIT[0m
  ↳ bin/rails:9
  [1m[35m (0.1ms)[0m  [1m[34mSELECT pg_advisory_unlock(1442035919147082315)[0m
  ↳ bin/rails:9
  [1m[35m (0.2ms)[0m  [1m[34mSELECT "schema_migrations"."version" FROM "schema_migrations" ORDER BY "schema_migrations"."version" ASC[0m
  ↳ bin/rails:9
  [1m[35m (0.5ms)[0m  [1m[34mSELECT "schema_migrations"."version" FROM "schema_migrations" ORDER BY "schema_migrations"."version" ASC[0m
  ↳ bin/rails:9
  [1m[35m (0.2ms)[0m  [1m[35mBEGIN[0m
  ↳ db/seeds.rb:9
  [1m[36mEvent Create (0.8ms)[0m  [1m[32mINSERT INTO "events" ("title", "body", "start", "end", "created_at", "updated_at") VALUES ($1, $2, $3, $4, $5, $6) RETURNING "id"[0m  [["title", "Physical Therapy"], ["body", "PT"], ["start", "2018-06-24 10:00:00"], ["end", "2018-06-24 11:00:00"], ["created_at", "2018-06-27 17:24:03.642294"], ["updated_at", "2018-06-27 17:24:03.642294"]]
  ↳ db/seeds.rb:9
  [1m[35m (6.0ms)[0m  [1m[35mCOMMIT[0m
  ↳ db/seeds.rb:9
  [1m[35m (0.1ms)[0m  [1m[35mBEGIN[0m
  ↳ db/seeds.rb:9
  [1m[36mEvent Create (0.3ms)[0m  [1m[32mINSERT INTO "events" ("title", "body", "start", "end", "created_at", "updated_at") VALUES ($1, $2, $3, $4, $5, $6) RETURNING "id"[0m  [["title", "Vacay"], ["body", "Woodstock baby"], ["start", "2018-06-30 05:00:00"], ["end", "2018-07-05 11:00:00"], ["created_at", "2018-06-27 17:24:03.651009"], ["updated_at", "2018-06-27 17:24:03.651009"]]
  ↳ db/seeds.rb:9
  [1m[35m (4.9ms)[0m  [1m[35mCOMMIT[0m
  ↳ db/seeds.rb:9
  [1m[35m (0.1ms)[0m  [1m[35mBEGIN[0m
  ↳ db/seeds.rb:9
  [1m[36mEvent Create (0.3ms)[0m  [1m[32mINSERT INTO "events" ("title", "body", "start", "end", "created_at", "updated_at") VALUES ($1, $2, $3, $4, $5, $6) RETURNING "id"[0m  [["title", "Interview"], ["body", "Phone"], ["start", "2018-06-18 07:00:00"], ["end", "2018-06-24 07:30:00"], ["created_at", "2018-06-27 17:24:03.658037"], ["updated_at", "2018-06-27 17:24:03.658037"]]
  ↳ db/seeds.rb:9
  [1m[35m (0.3ms)[0m  [1m[35mCOMMIT[0m
  ↳ db/seeds.rb:9
  [1m[35m (0.2ms)[0m  [1m[35mBEGIN[0m
  ↳ db/seeds.rb:9
  [1m[36mEvent Create (0.2ms)[0m  [1m[32mINSERT INTO "events" ("title", "body", "start", "end", "created_at", "updated_at") VALUES ($1, $2, $3, $4, $5, $6) RETURNING "id"[0m  [["title", "Interview"], ["body", "Whiteboard"], ["start", "2018-06-26 06:00:00"], ["end", "2018-06-26 08:00:00"], ["created_at", "2018-06-27 17:24:03.660045"], ["updated_at", "2018-06-27 17:24:03.660045"]]
  ↳ db/seeds.rb:9
  [1m[35m (0.3ms)[0m  [1m[35mCOMMIT[0m
  ↳ db/seeds.rb:9
  [1m[35m (0.1ms)[0m  [1m[35mBEGIN[0m
  ↳ db/seeds.rb:9
  [1m[36mEvent Create (0.2ms)[0m  [1m[32mINSERT INTO "events" ("title", "body", "start", "end", "created_at", "updated_at") VALUES ($1, $2, $3, $4, $5, $6) RETURNING "id"[0m  [["title", "Plumber"], ["body", "Confirm with Brian"], ["start", "2018-06-30 06:00:00"], ["end", "2018-06-30 08:00:00"], ["created_at", "2018-06-27 17:24:03.661928"], ["updated_at", "2018-06-27 17:24:03.661928"]]
  ↳ db/seeds.rb:9
  [1m[35m (0.3ms)[0m  [1m[35mCOMMIT[0m
  ↳ db/seeds.rb:9
  [1m[35m (0.1ms)[0m  [1m[35mBEGIN[0m
  ↳ db/seeds.rb:9
  [1m[36mEvent Create (0.2ms)[0m  [1m[32mINSERT INTO "events" ("title", "body", "start", "end", "created_at", "updated_at") VALUES ($1, $2, $3, $4, $5, $6) RETURNING "id"[0m  [["title", "Spotify Challenge"], ["body", "Fingers crossed!"], ["start", "2018-06-24 09:00:00"], ["end", "2018-06-25 19:00:00"], ["created_at", "2018-06-27 17:24:03.663698"], ["updated_at", "2018-06-27 17:24:03.663698"]]
  ↳ db/seeds.rb:9
  [1m[35m (0.3ms)[0m  [1m[35mCOMMIT[0m
  ↳ db/seeds.rb:9
  [1m[35m (0.6ms)[0m  [1m[34mSELECT COUNT(*) FROM "events"[0m
  [1m[36mEvent Load (0.4ms)[0m  [1m[34mSELECT  "events".* FROM "events" ORDER BY "events"."id" DESC LIMIT $1[0m  [["LIMIT", 1]]
Started GET "/api/v1/events" for ::1 at 2018-06-27 13:27:35 -0400
  [1m[35m (0.5ms)[0m  [1m[34mSELECT "schema_migrations"."version" FROM "schema_migrations" ORDER BY "schema_migrations"."version" ASC[0m
  ↳ /Users/alexandracooper/.rvm/gems/ruby-2.5.1/gems/activerecord-5.2.0/lib/active_record/log_subscriber.rb:98
Processing by Api::V1::EventsController#index as HTML
  [1m[36mEvent Load (0.5ms)[0m  [1m[34mSELECT "events".* FROM "events"[0m
  ↳ app/controllers/api/v1/events_controller.rb:5
Completed 200 OK in 13ms (Views: 7.2ms | ActiveRecord: 5.2ms)


Started GET "/api/v1/events.json" for ::1 at 2018-06-27 13:27:51 -0400
Processing by Api::V1::EventsController#index as JSON
  [1m[36mEvent Load (0.4ms)[0m  [1m[34mSELECT "events".* FROM "events"[0m
  ↳ app/controllers/api/v1/events_controller.rb:5
Completed 200 OK in 3ms (Views: 2.1ms | ActiveRecord: 0.4ms)


